# JRE version: OpenJDK Runtime Environment Temurin-17.0.13+11 (17.0.13+11) (build 17.0.13+11)
# Java VM: OpenJDK 64-Bit Server VM Temurin-17.0.13+11 (17.0.13+11, mixed mode, tiered, compressed oops, compressed class ptrs, parallel gc, windows-amd64)
GC Precious Log:
 CPUs: 2 total, 2 available
 Memory: 3914M
 Large Page Support: Disabled
 NUMA Support: Disabled
 Compressed Oops: Enabled (32-bit)
 Alignments: Space 512K, Generation 512K, Heap 2M
 Heap Min Capacity: 100M
 Heap Initial Capacity: 100M
 Heap Max Capacity: 1G
 Pre-touch: Disabled
 Parallel Workers: 2
Heap:
 PSYoungGen      total 3584K, used 2652K [0x00000000eab00000, 0x00000000eaf80000, 0x0000000100000000)
  eden space 2560K, 96% used [0x00000000eab00000,0x00000000ead673c0,0x00000000ead80000)
  from space 1024K, 18% used [0x00000000ead80000,0x00000000eadb0000,0x00000000eae80000)
  to   space 512K, 0% used [0x00000000eaf00000,0x00000000eaf00000,0x00000000eaf80000)
 ParOldGen       total 151552K, used 136159K [0x00000000c0000000, 0x00000000c9400000, 0x00000000eab00000)
  object space 151552K, 89% used [0x00000000c0000000,0x00000000c84f7e20,0x00000000c9400000)
 Metaspace       used 90055K, committed 91328K, reserved 1179648K
  class space    used 9158K, committed 9728K, reserved 1048576K
GC Heap History (20 events):
Event: 2046.275 GC heap before
{Heap before GC invocations=1423 (full 25):
 PSYoungGen      total 7680K, used 7424K [0x00000000eab00000, 0x00000000eb500000, 0x0000000100000000)
  eden space 5120K, 100% used [0x00000000eab00000,0x00000000eb000000,0x00000000eb000000)
  from space 2560K, 90% used [0x00000000eb100000,0x00000000eb340040,0x00000000eb380000)
  to   space 1536K, 0% used [0x00000000eb380000,0x00000000eb380000,0x00000000eb500000)
 ParOldGen       total 151552K, used 127345K [0x00000000c0000000, 0x00000000c9400000, 0x00000000eab00000)
  object space 151552K, 84% used [0x00000000c0000000,0x00000000c7c5c4b0,0x00000000c9400000)
 Metaspace       used 90023K, committed 91264K, reserved 1179648K
  class space    used 9157K, committed 9728K, reserved 1048576K
}
Event: 2046.286 GC heap after
{Heap after GC invocations=1423 (full 25):
 PSYoungGen      total 3072K, used 1504K [0x00000000eab00000, 0x00000000ebe00000, 0x0000000100000000)
  eden space 1536K, 0% used [0x00000000eab00000,0x00000000eab00000,0x00000000eac80000)
  from space 1536K, 97% used [0x00000000eb380000,0x00000000eb4f8020,0x00000000eb500000)
  to   space 7168K, 0% used [0x00000000eac80000,0x00000000eac80000,0x00000000eb380000)
 ParOldGen       total 151552K, used 131962K [0x00000000c0000000, 0x00000000c9400000, 0x00000000eab00000)
  object space 151552K, 87% used [0x00000000c0000000,0x00000000c80de9f0,0x00000000c9400000)
 Metaspace       used 90023K, committed 91264K, reserved 1179648K
  class space    used 9157K, committed 9728K, reserved 1048576K
}
Event: 2046.300 GC heap before
{Heap before GC invocations=1424 (full 25):
 PSYoungGen      total 3072K, used 3031K [0x00000000eab00000, 0x00000000ebe00000, 0x0000000100000000)
  eden space 1536K, 99% used [0x00000000eab00000,0x00000000eac7dd48,0x00000000eac80000)
  from space 1536K, 97% used [0x00000000eb380000,0x00000000eb4f8020,0x00000000eb500000)
  to   space 7168K, 0% used [0x00000000eac80000,0x00000000eac80000,0x00000000eb380000)
 ParOldGen       total 151552K, used 131962K [0x00000000c0000000, 0x00000000c9400000, 0x00000000eab00000)
  object space 151552K, 87% used [0x00000000c0000000,0x00000000c80de9f0,0x00000000c9400000)
 Metaspace       used 90023K, committed 91264K, reserved 1179648K
  class space    used 9157K, committed 9728K, reserved 1048576K
}
Event: 2046.304 GC heap after
{Heap after GC invocations=1424 (full 25):
 PSYoungGen      total 4608K, used 2992K [0x00000000eab00000, 0x00000000eb580000, 0x0000000100000000)
  eden space 1536K, 0% used [0x00000000eab00000,0x00000000eab00000,0x00000000eac80000)
  from space 3072K, 97% used [0x00000000eac80000,0x00000000eaf6c030,0x00000000eaf80000)
  to   space 4608K, 0% used [0x00000000eb100000,0x00000000eb100000,0x00000000eb580000)
 ParOldGen       total 151552K, used 131962K [0x00000000c0000000, 0x00000000c9400000, 0x00000000eab00000)
  object space 151552K, 87% used [0x00000000c0000000,0x00000000c80de9f0,0x00000000c9400000)
 Metaspace       used 90023K, committed 91264K, reserved 1179648K
  class space    used 9157K, committed 9728K, reserved 1048576K
}
Event: 2046.325 GC heap before
{Heap before GC invocations=1425 (full 25):
 PSYoungGen      total 4608K, used 4526K [0x00000000eab00000, 0x00000000eb580000, 0x0000000100000000)
  eden space 1536K, 99% used [0x00000000eab00000,0x00000000eac7f8b8,0x00000000eac80000)
  from space 3072K, 97% used [0x00000000eac80000,0x00000000eaf6c030,0x00000000eaf80000)
  to   space 4608K, 0% used [0x00000000eb100000,0x00000000eb100000,0x00000000eb580000)
 ParOldGen       total 151552K, used 131962K [0x00000000c0000000, 0x00000000c9400000, 0x00000000eab00000)
  object space 151552K, 87% used [0x00000000c0000000,0x00000000c80de9f0,0x00000000c9400000)
 Metaspace       used 90023K, committed 91264K, reserved 1179648K
  class space    used 9157K, committed 9728K, reserved 1048576K
}
Event: 2046.331 GC heap after
{Heap after GC invocations=1425 (full 25):
 PSYoungGen      total 6144K, used 3808K [0x00000000eab00000, 0x00000000eb500000, 0x0000000100000000)
  eden space 2048K, 0% used [0x00000000eab00000,0x00000000eab00000,0x00000000ead00000)
  from space 4096K, 92% used [0x00000000eb100000,0x00000000eb4b8000,0x00000000eb500000)
  to   space 4096K, 0% used [0x00000000ead00000,0x00000000ead00000,0x00000000eb100000)
 ParOldGen       total 151552K, used 132319K [0x00000000c0000000, 0x00000000c9400000, 0x00000000eab00000)
  object space 151552K, 87% used [0x00000000c0000000,0x00000000c8137eb0,0x00000000c9400000)
 Metaspace       used 90023K, committed 91264K, reserved 1179648K
  class space    used 9157K, committed 9728K, reserved 1048576K
}
Event: 2046.406 GC heap before
{Heap before GC invocations=1426 (full 25):
 PSYoungGen      total 6144K, used 5856K [0x00000000eab00000, 0x00000000eb500000, 0x0000000100000000)
  eden space 2048K, 100% used [0x00000000eab00000,0x00000000ead00000,0x00000000ead00000)
  from space 4096K, 92% used [0x00000000eb100000,0x00000000eb4b8000,0x00000000eb500000)
  to   space 4096K, 0% used [0x00000000ead00000,0x00000000ead00000,0x00000000eb100000)
 ParOldGen       total 151552K, used 132319K [0x00000000c0000000, 0x00000000c9400000, 0x00000000eab00000)
  object space 151552K, 87% used [0x00000000c0000000,0x00000000c8137eb0,0x00000000c9400000)
 Metaspace       used 90025K, committed 91264K, reserved 1179648K
  class space    used 9157K, committed 9728K, reserved 1048576K
}
Event: 2046.411 GC heap after
{Heap after GC invocations=1426 (full 25):
 PSYoungGen      total 6144K, used 3896K [0x00000000eab00000, 0x00000000eb580000, 0x0000000100000000)
  eden space 2048K, 0% used [0x00000000eab00000,0x00000000eab00000,0x00000000ead00000)
  from space 4096K, 95% used [0x00000000ead00000,0x00000000eb0ce160,0x00000000eb100000)
  to   space 4096K, 0% used [0x00000000eb180000,0x00000000eb180000,0x00000000eb580000)
 ParOldGen       total 151552K, used 132423K [0x00000000c0000000, 0x00000000c9400000, 0x00000000eab00000)
  object space 151552K, 87% used [0x00000000c0000000,0x00000000c8151eb0,0x00000000c9400000)
 Metaspace       used 90025K, committed 91264K, reserved 1179648K
  class space    used 9157K, committed 9728K, reserved 1048576K
}
Event: 2046.422 GC heap before
{Heap before GC invocations=1427 (full 25):
 PSYoungGen      total 6144K, used 5944K [0x00000000eab00000, 0x00000000eb580000, 0x0000000100000000)
  eden space 2048K, 100% used [0x00000000eab00000,0x00000000ead00000,0x00000000ead00000)
  from space 4096K, 95% used [0x00000000ead00000,0x00000000eb0ce160,0x00000000eb100000)
  to   space 4096K, 0% used [0x00000000eb180000,0x00000000eb180000,0x00000000eb580000)
 ParOldGen       total 151552K, used 132423K [0x00000000c0000000, 0x00000000c9400000, 0x00000000eab00000)
  object space 151552K, 87% used [0x00000000c0000000,0x00000000c8151eb0,0x00000000c9400000)
 Metaspace       used 90025K, committed 91264K, reserved 1179648K
  class space    used 9157K, committed 9728K, reserved 1048576K
}
Event: 2046.429 GC heap after
{Heap after GC invocations=1427 (full 25):
 PSYoungGen      total 4608K, used 4064K [0x00000000eab00000, 0x00000000eb980000, 0x0000000100000000)
  eden space 512K, 0% used [0x00000000eab00000,0x00000000eab00000,0x00000000eab80000)
  from space 4096K, 99% used [0x00000000eb180000,0x00000000eb578160,0x00000000eb580000)
  to   space 6144K, 0% used [0x00000000eab80000,0x00000000eab80000,0x00000000eb180000)
 ParOldGen       total 151552K, used 134087K [0x00000000c0000000, 0x00000000c9400000, 0x00000000eab00000)
  object space 151552K, 88% used [0x00000000c0000000,0x00000000c82f1eb0,0x00000000c9400000)
 Metaspace       used 90025K, committed 91264K, reserved 1179648K
  class space    used 9157K, committed 9728K, reserved 1048576K
}
Event: 2046.433 GC heap before
{Heap before GC invocations=1428 (full 25):
 PSYoungGen      total 4608K, used 4576K [0x00000000eab00000, 0x00000000eb980000, 0x0000000100000000)
  eden space 512K, 100% used [0x00000000eab00000,0x00000000eab80000,0x00000000eab80000)
  from space 4096K, 99% used [0x00000000eb180000,0x00000000eb578160,0x00000000eb580000)
  to   space 6144K, 0% used [0x00000000eab80000,0x00000000eab80000,0x00000000eb180000)
 ParOldGen       total 151552K, used 134087K [0x00000000c0000000, 0x00000000c9400000, 0x00000000eab00000)
  object space 151552K, 88% used [0x00000000c0000000,0x00000000c82f1eb0,0x00000000c9400000)
 Metaspace       used 90025K, committed 91264K, reserved 1179648K
  class space    used 9157K, committed 9728K, reserved 1048576K
}
Event: 2046.438 GC heap after
{Heap after GC invocations=1428 (full 25):
 PSYoungGen      total 4608K, used 3848K [0x00000000eab00000, 0x00000000eb500000, 0x0000000100000000)
  eden space 512K, 0% used [0x00000000eab00000,0x00000000eab00000,0x00000000eab80000)
  from space 4096K, 93% used [0x00000000eab80000,0x00000000eaf42160,0x00000000eaf80000)
  to   space 4608K, 0% used [0x00000000eb080000,0x00000000eb080000,0x00000000eb500000)
 ParOldGen       total 151552K, used 134671K [0x00000000c0000000, 0x00000000c9400000, 0x00000000eab00000)
  object space 151552K, 88% used [0x00000000c0000000,0x00000000c8383e20,0x00000000c9400000)
 Metaspace       used 90025K, committed 91264K, reserved 1179648K
  class space    used 9157K, committed 9728K, reserved 1048576K
}
Event: 2046.609 GC heap before
{Heap before GC invocations=1429 (full 25):
 PSYoungGen      total 4608K, used 4360K [0x00000000eab00000, 0x00000000eb500000, 0x0000000100000000)
  eden space 512K, 99% used [0x00000000eab00000,0x00000000eab7fff0,0x00000000eab80000)
  from space 4096K, 93% used [0x00000000eab80000,0x00000000eaf42160,0x00000000eaf80000)
  to   space 4608K, 0% used [0x00000000eb080000,0x00000000eb080000,0x00000000eb500000)
 ParOldGen       total 151552K, used 134671K [0x00000000c0000000, 0x00000000c9400000, 0x00000000eab00000)
  object space 151552K, 88% used [0x00000000c0000000,0x00000000c8383e20,0x00000000c9400000)
 Metaspace       used 90030K, committed 91264K, reserved 1179648K
  class space    used 9158K, committed 9728K, reserved 1048576K
}
Event: 2046.613 GC heap after
{Heap after GC invocations=1429 (full 25):
 PSYoungGen      total 2560K, used 1536K [0x00000000eab00000, 0x00000000eb200000, 0x0000000100000000)
  eden space 1024K, 0% used [0x00000000eab00000,0x00000000eab00000,0x00000000eac00000)
  from space 1536K, 100% used [0x00000000eb080000,0x00000000eb200000,0x00000000eb200000)
  to   space 2560K, 0% used [0x00000000ead00000,0x00000000ead00000,0x00000000eaf80000)
 ParOldGen       total 151552K, used 134679K [0x00000000c0000000, 0x00000000c9400000, 0x00000000eab00000)
  object space 151552K, 88% used [0x00000000c0000000,0x00000000c8385e20,0x00000000c9400000)
 Metaspace       used 90030K, committed 91264K, reserved 1179648K
  class space    used 9158K, committed 9728K, reserved 1048576K
}
Event: 2046.616 GC heap before
{Heap before GC invocations=1430 (full 25):
 PSYoungGen      total 2560K, used 2560K [0x00000000eab00000, 0x00000000eb200000, 0x0000000100000000)
  eden space 1024K, 100% used [0x00000000eab00000,0x00000000eac00000,0x00000000eac00000)
  from space 1536K, 100% used [0x00000000eb080000,0x00000000eb200000,0x00000000eb200000)
  to   space 2560K, 0% used [0x00000000ead00000,0x00000000ead00000,0x00000000eaf80000)
 ParOldGen       total 151552K, used 134679K [0x00000000c0000000, 0x00000000c9400000, 0x00000000eab00000)
  object space 151552K, 88% used [0x00000000c0000000,0x00000000c8385e20,0x00000000c9400000)
 Metaspace       used 90030K, committed 91264K, reserved 1179648K
  class space    used 9158K, committed 9728K, reserved 1048576K
}
Event: 2046.621 GC heap after
{Heap after GC invocations=1430 (full 25):
 PSYoungGen      total 3584K, used 1760K [0x00000000eab00000, 0x00000000eb100000, 0x0000000100000000)
  eden space 1536K, 0% used [0x00000000eab00000,0x00000000eab00000,0x00000000eac80000)
  from space 2048K, 85% used [0x00000000ead00000,0x00000000eaeb8020,0x00000000eaf00000)
  to   space 2048K, 0% used [0x00000000eaf00000,0x00000000eaf00000,0x00000000eb100000)
 ParOldGen       total 151552K, used 134695K [0x00000000c0000000, 0x00000000c9400000, 0x00000000eab00000)
  object space 151552K, 88% used [0x00000000c0000000,0x00000000c8389e20,0x00000000c9400000)
 Metaspace       used 90030K, committed 91264K, reserved 1179648K
  class space    used 9158K, committed 9728K, reserved 1048576K
}
Event: 2046.633 GC heap before
{Heap before GC invocations=1431 (full 25):
 PSYoungGen      total 3584K, used 3296K [0x00000000eab00000, 0x00000000eb100000, 0x0000000100000000)
  eden space 1536K, 100% used [0x00000000eab00000,0x00000000eac80000,0x00000000eac80000)
  from space 2048K, 85% used [0x00000000ead00000,0x00000000eaeb8020,0x00000000eaf00000)
  to   space 2048K, 0% used [0x00000000eaf00000,0x00000000eaf00000,0x00000000eb100000)
 ParOldGen       total 151552K, used 134695K [0x00000000c0000000, 0x00000000c9400000, 0x00000000eab00000)
  object space 151552K, 88% used [0x00000000c0000000,0x00000000c8389e20,0x00000000c9400000)
 Metaspace       used 90030K, committed 91264K, reserved 1179648K
  class space    used 9158K, committed 9728K, reserved 1048576K
}
Event: 2046.637 GC heap after
{Heap after GC invocations=1431 (full 25):
 PSYoungGen      total 2560K, used 352K [0x00000000eab00000, 0x00000000eaf80000, 0x0000000100000000)
  eden space 2048K, 0% used [0x00000000eab00000,0x00000000eab00000,0x00000000ead00000)
  from space 512K, 68% used [0x00000000eaf00000,0x00000000eaf58020,0x00000000eaf80000)
  to   space 1024K, 0% used [0x00000000ead80000,0x00000000ead80000,0x00000000eae80000)
 ParOldGen       total 151552K, used 136143K [0x00000000c0000000, 0x00000000c9400000, 0x00000000eab00000)
  object space 151552K, 89% used [0x00000000c0000000,0x00000000c84f3e20,0x00000000c9400000)
 Metaspace       used 90030K, committed 91264K, reserved 1179648K
  class space    used 9158K, committed 9728K, reserved 1048576K
}
Event: 2046.948 GC heap before
{Heap before GC invocations=1432 (full 25):
 PSYoungGen      total 2560K, used 2400K [0x00000000eab00000, 0x00000000eaf80000, 0x0000000100000000)
  eden space 2048K, 99% used [0x00000000eab00000,0x00000000eacffff0,0x00000000ead00000)
  from space 512K, 68% used [0x00000000eaf00000,0x00000000eaf58020,0x00000000eaf80000)
  to   space 1024K, 0% used [0x00000000ead80000,0x00000000ead80000,0x00000000eae80000)
 ParOldGen       total 151552K, used 136143K [0x00000000c0000000, 0x00000000c9400000, 0x00000000eab00000)
  object space 151552K, 89% used [0x00000000c0000000,0x00000000c84f3e20,0x00000000c9400000)
 Metaspace       used 90030K, committed 91264K, reserved 1179648K
  class space    used 9158K, committed 9728K, reserved 1048576K
}
Event: 2046.950 GC heap after
{Heap after GC invocations=1432 (full 25):
 PSYoungGen      total 3584K, used 192K [0x00000000eab00000, 0x00000000eaf80000, 0x0000000100000000)
  eden space 2560K, 0% used [0x00000000eab00000,0x00000000eab00000,0x00000000ead80000)
  from space 1024K, 18% used [0x00000000ead80000,0x00000000eadb0000,0x00000000eae80000)
  to   space 512K, 0% used [0x00000000eaf00000,0x00000000eaf00000,0x00000000eaf80000)
 ParOldGen       total 151552K, used 136159K [0x00000000c0000000, 0x00000000c9400000, 0x00000000eab00000)
  object space 151552K, 89% used [0x00000000c0000000,0x00000000c84f7e20,0x00000000c9400000)
 Metaspace       used 90030K, committed 91264K, reserved 1179648K
  class space    used 9158K, committed 9728K, reserved 1048576K
}

